<?xml version="1.0" encoding="UTF-8"?>
<!-- Generated by org.testng.reporters.JUnitReportReporter -->
<testsuite name="com.Automation.SampleDevOps.TestClass" tests="2" time="19.446" ignored="0" failures="0" timestamp="11 Aug 2019 13:49:56 GMT" skipped="0" hostname="LAPTOP-5GC4D6HG" errors="0">
  <testcase name="methodTest2" time="10.605" classname="com.Automation.SampleDevOps.TestClass"/>
  <testcase name="methodTest1" time="8.841" classname="com.Automation.SampleDevOps.TestClass"/>
</testsuite> <!-- com.Automation.SampleDevOps.TestClass -->
